<?xml version="1.0" encoding="UTF-8"?>
<!-- Generated by org.testng.reporters.JUnitReportReporter -->
<testsuite hostname="DESKTOP-35NBQPM" failures="0" tests="3" name="popat.Tests" time="10.495" errors="0" timestamp="2020-09-24T23:28:28 MSK" skipped="0">
  <testcase classname="popat.Tests" name="logoPresens" time="0.326"/>
  <system-out/>
  <testcase classname="popat.Tests" name="loginTest" time="1.105"/>
  <system-out/>
  <testcase classname="popat.Tests" name="registrationTest" time="9.064"/>
  <system-out/>
</testsuite> <!-- popat.Tests -->
