<?xml version="1.0" encoding="UTF-8"?>
<!-- Generated by org.testng.reporters.JUnitReportReporter -->
<testsuite hostname="DESKTOP-35NBQPM" failures="0" tests="1" name="popat.Tests" time="11.098" errors="0" timestamp="2020-09-29T13:44:55 MSK" skipped="0">
  <testcase classname="popat.Tests" name="clickEmail" time="11.098"/>
  <system-out/>
</testsuite> <!-- popat.Tests -->
